<?xml version="1.0" encoding="UTF-8"?>
<!-- Generated by org.testng.reporters.JUnitReportReporter -->
<testsuite skipped="0" hostname="ND96X912" name="MavenGitJenkinsOne.TestmeAna2" tests="1" failures="0" timestamp="28 nov 2017 13:43:13 GMT" time="0.026" errors="0">
  <testcase name="testMe" time="0.026" classname="MavenGitJenkinsOne.TestmeAna2"/>
</testsuite> <!-- MavenGitJenkinsOne.TestmeAna2 -->
